<?xml version="1.0" encoding="UTF-8"?>
<!-- Generated by org.testng.reporters.JUnitXMLReporter -->
<testsuite ignored="0" hostname="AppleA1278s-MBP" failures="1" tests="1" name="Lambdatest ToDO Sample Test" time="1.495" errors="0" timestamp="10 Dec 2020 11:36:53 GMT">
  <testcase classname="MyRunner.TestRunner" name="feature" time="0.833">
    <failure type="cucumber.runtime.CucumberException" message="java.lang.Error: Unresolved compilation problems: 
	Configuration cannot be resolved
	Configuration cannot be resolved
	Configuration cannot be resolved
	Configuration cannot be resolved
	Configuration cannot be resolved
	Configuration cannot be resolved
">
      <![CDATA[cucumber.runtime.CucumberException: java.lang.Error: Unresolved compilation problems: 
Configuration cannot be resolved
Configuration cannot be resolved
Configuration cannot be resolved
Configuration cannot be resolved
Configuration cannot be resolved
Configuration cannot be resolved

at cucumber.api.testng.TestNGCucumberRunner.runCucumber(TestNGCucumberRunner.java:69)
at MyRunner.TestRunner.feature(TestRunner.java:36)
at java.base/java.util.concurrent.FutureTask.run(FutureTask.java:264)
at java.base/java.util.concurrent.ThreadPoolExecutor.runWorker(ThreadPoolExecutor.java:1130)
at java.base/java.util.concurrent.ThreadPoolExecutor$Worker.run(ThreadPoolExecutor.java:630)
at java.base/java.lang.Thread.run(Thread.java:832)
Caused by: java.lang.Error: Unresolved compilation problems: 
Configuration cannot be resolved
Configuration cannot be resolved
Configuration cannot be resolved
Configuration cannot be resolved
Configuration cannot be resolved
Configuration cannot be resolved

at stepDefinitions.ToDoStepDefinition.user_already_on_home_page(ToDoStepDefinition.java:24)
at âœ½.Given user is on home Page(todo.feature:5)
... Removed 16 stack frames]]>
    </failure>
  </testcase> <!-- feature -->
</testsuite> <!-- Lambdatest ToDO Sample Test -->
